14:59:28 **** Incremental Build of configuration Debug for project Mini_project4 ****
make all 
Building file: ../LCD.c
Invoking: AVR Compiler
avr-gcc -Wall -g2 -gstabs -O0 -fpack-struct -fshort-enums -ffunction-sections -fdata-sections -std=gnu99 -funsigned-char -funsigned-bitfields -mmcu=atmega16 -DF_CPU=1000000UL -MMD -MP -MF"LCD.d" -MT"LCD.o" -c -o "LCD.o" "../LCD.c"
In file included from ../LCD.c:10:
c:/winavr-20100110/lib/gcc/../../avr/include/util/delay.h:90:3: warning: #warning "Compiler optimizations disabled; functions from <util/delay.h> won't work as designed"
Finished building: ../LCD.c
 
Building target: Mini_project4.elf
Invoking: AVR C Linker
avr-gcc -Wl,-Map,Mini_project4.map -mmcu=atmega16 -o "Mini_project4.elf"  ./ICU.o ./LCD.o ./Measure-Distance-Using-Ultrasonic-Sensor.o ./ULTRASONIC.o ./gpio.o   
Finished building target: Mini_project4.elf
 
Invoking: AVR Create Extended Listing
avr-objdump -h -S Mini_project4.elf  >"Mini_project4.lss"
Finished building: Mini_project4.lss
 
Invoking: Print Size
avr-size --format=avr --mcu=atmega16 Mini_project4.elf
AVR Memory Usage
----------------
Device: atmega16

Program:    9860 bytes (60.2% Full)
(.text + .data + .bootloader)

Data:        287 bytes (28.0% Full)
(.data + .bss + .noinit)


Finished building: sizedummy
 

14:59:28 Build Finished. 0 errors, 1 warnings. (took 692ms)

